INFO 2019-12-01 20:35:31,411 root : Сервер доступний. Час на сервері: 2019-12-01 18:35:31
INFO 2019-12-01 20:35:31,412 root : Запитувана сторінка: : /health/
INFO 2019-12-01 20:35:31,412 root : Відповідь сервера місти наступні поля:
INFO 2019-12-01 20:35:31,412 root : Ключ: date, Значення: 2019-12-01 18:35:31
INFO 2019-12-01 20:35:31,412 root : Ключ: current_page, Значення: /health/
INFO 2019-12-01 20:35:31,412 root : Ключ: server_info, Значення: {'System': 'Linux', 'Release': '5.0.0-36-generic', 'Type': 'x86_64'}
INFO 2019-12-01 20:35:31,412 root : Ключ: client_info, Значення: python-requests/2.22.0
INFO 2019-12-01 20:36:31,526 root : Сервер доступний. Час на сервері: 2019-12-01 18:36:31
INFO 2019-12-01 20:36:31,527 root : Запитувана сторінка: : /health/
INFO 2019-12-01 20:36:31,527 root : Відповідь сервера місти наступні поля:
INFO 2019-12-01 20:36:31,527 root : Ключ: date, Значення: 2019-12-01 18:36:31
INFO 2019-12-01 20:36:31,527 root : Ключ: current_page, Значення: /health/
INFO 2019-12-01 20:36:31,527 root : Ключ: server_info, Значення: {'System': 'Linux', 'Release': '5.0.0-36-generic', 'Type': 'x86_64'}
INFO 2019-12-01 20:36:31,527 root : Ключ: client_info, Значення: python-requests/2.22.0
INFO 2019-12-01 20:37:31,746 root : Сервер доступний. Час на сервері: 2019-12-01 18:37:31
INFO 2019-12-01 20:37:31,746 root : Запитувана сторінка: : /health/
INFO 2019-12-01 20:37:31,747 root : Відповідь сервера місти наступні поля:
INFO 2019-12-01 20:37:31,747 root : Ключ: date, Значення: 2019-12-01 18:37:31
INFO 2019-12-01 20:37:31,747 root : Ключ: current_page, Значення: /health/
INFO 2019-12-01 20:37:31,747 root : Ключ: server_info, Значення: {'System': 'Linux', 'Release': '5.0.0-36-generic', 'Type': 'x86_64'}
INFO 2019-12-01 20:37:31,747 root : Ключ: client_info, Значення: python-requests/2.22.0
INFO 2019-12-01 20:38:31,815 root : Сервер доступний. Час на сервері: 2019-12-01 18:38:31
INFO 2019-12-01 20:38:31,815 root : Запитувана сторінка: : /health/
INFO 2019-12-01 20:38:31,816 root : Відповідь сервера місти наступні поля:
INFO 2019-12-01 20:38:31,816 root : Ключ: date, Значення: 2019-12-01 18:38:31
INFO 2019-12-01 20:38:31,816 root : Ключ: current_page, Значення: /health/
INFO 2019-12-01 20:38:31,816 root : Ключ: server_info, Значення: {'System': 'Linux', 'Release': '5.0.0-36-generic', 'Type': 'x86_64'}
INFO 2019-12-01 20:38:31,816 root : Ключ: client_info, Значення: python-requests/2.22.0
INFO 2019-12-01 20:39:31,958 root : Сервер доступний. Час на сервері: 2019-12-01 18:39:31
INFO 2019-12-01 20:39:31,959 root : Запитувана сторінка: : /health/
INFO 2019-12-01 20:39:31,959 root : Відповідь сервера місти наступні поля:
INFO 2019-12-01 20:39:31,959 root : Ключ: date, Значення: 2019-12-01 18:39:31
INFO 2019-12-01 20:39:31,959 root : Ключ: current_page, Значення: /health/
INFO 2019-12-01 20:39:31,959 root : Ключ: server_info, Значення: {'System': 'Linux', 'Release': '5.0.0-36-generic', 'Type': 'x86_64'}
INFO 2019-12-01 20:39:31,959 root : Ключ: client_info, Значення: python-requests/2.22.0
INFO 2019-12-01 20:40:32,047 root : Сервер доступний. Час на сервері: 2019-12-01 18:40:32
INFO 2019-12-01 20:40:32,047 root : Запитувана сторінка: : /health/
INFO 2019-12-01 20:40:32,047 root : Відповідь сервера місти наступні поля:
INFO 2019-12-01 20:40:32,047 root : Ключ: date, Значення: 2019-12-01 18:40:32
INFO 2019-12-01 20:40:32,047 root : Ключ: current_page, Значення: /health/
INFO 2019-12-01 20:40:32,047 root : Ключ: server_info, Значення: {'System': 'Linux', 'Release': '5.0.0-36-generic', 'Type': 'x86_64'}
INFO 2019-12-01 20:40:32,047 root : Ключ: client_info, Значення: python-requests/2.22.0
INFO 2019-12-01 20:41:32,160 root : Сервер доступний. Час на сервері: 2019-12-01 18:41:32
INFO 2019-12-01 20:41:32,160 root : Запитувана сторінка: : /health/
INFO 2019-12-01 20:41:32,160 root : Відповідь сервера місти наступні поля:
INFO 2019-12-01 20:41:32,160 root : Ключ: date, Значення: 2019-12-01 18:41:32
INFO 2019-12-01 20:41:32,161 root : Ключ: current_page, Значення: /health/
INFO 2019-12-01 20:41:32,161 root : Ключ: server_info, Значення: {'System': 'Linux', 'Release': '5.0.0-36-generic', 'Type': 'x86_64'}
INFO 2019-12-01 20:41:32,161 root : Ключ: client_info, Значення: python-requests/2.22.0
INFO 2019-12-01 20:42:32,275 root : Сервер доступний. Час на сервері: 2019-12-01 18:42:32
INFO 2019-12-01 20:42:32,275 root : Запитувана сторінка: : /health/
INFO 2019-12-01 20:42:32,276 root : Відповідь сервера місти наступні поля:
INFO 2019-12-01 20:42:32,276 root : Ключ: date, Значення: 2019-12-01 18:42:32
INFO 2019-12-01 20:42:32,276 root : Ключ: current_page, Значення: /health/
INFO 2019-12-01 20:42:32,276 root : Ключ: server_info, Значення: {'System': 'Linux', 'Release': '5.0.0-36-generic', 'Type': 'x86_64'}
INFO 2019-12-01 20:42:32,276 root : Ключ: client_info, Значення: python-requests/2.22.0
INFO 2019-12-01 20:43:32,391 root : Сервер доступний. Час на сервері: 2019-12-01 18:43:32
INFO 2019-12-01 20:43:32,391 root : Запитувана сторінка: : /health/
INFO 2019-12-01 20:43:32,391 root : Відповідь сервера місти наступні поля:
INFO 2019-12-01 20:43:32,391 root : Ключ: date, Значення: 2019-12-01 18:43:32
INFO 2019-12-01 20:43:32,391 root : Ключ: current_page, Значення: /health/
INFO 2019-12-01 20:43:32,391 root : Ключ: server_info, Значення: {'System': 'Linux', 'Release': '5.0.0-36-generic', 'Type': 'x86_64'}
INFO 2019-12-01 20:43:32,392 root : Ключ: client_info, Значення: python-requests/2.22.0
INFO 2019-12-01 20:44:32,487 root : Сервер доступний. Час на сервері: 2019-12-01 18:44:32
INFO 2019-12-01 20:44:32,487 root : Запитувана сторінка: : /health/
INFO 2019-12-01 20:44:32,487 root : Відповідь сервера місти наступні поля:
INFO 2019-12-01 20:44:32,487 root : Ключ: date, Значення: 2019-12-01 18:44:32
INFO 2019-12-01 20:44:32,487 root : Ключ: current_page, Значення: /health/
INFO 2019-12-01 20:44:32,487 root : Ключ: server_info, Значення: {'System': 'Linux', 'Release': '5.0.0-36-generic', 'Type': 'x86_64'}
INFO 2019-12-01 20:44:32,487 root : Ключ: client_info, Значення: python-requests/2.22.0
